<?xml version="1.0" encoding="UTF-8"?>
<testsuite xmlns:xsi="http://www.w3.org/2001/XMLSchema-instance" xsi:noNamespaceSchemaLocation="https://maven.apache.org/surefire/maven-surefire-plugin/xsd/surefire-test-report-3.0.xsd" version="3.0" name="com.mycom.version.AppTest" time="0.021" tests="1" errors="0" skipped="0" failures="0">
  <properties>
    <property name="java.specification.version" value="21"/>
    <property name="sun.cpu.isalist" value="amd64"/>
    <property name="sun.jnu.encoding" value="Cp1252"/>
    <property name="java.class.path" value="C:\Users\varsh\eclipse-workspace\version\target\test-classes;C:\Users\varsh\eclipse-workspace\version\target\classes;C:\Users\varsh\.m2\repository\junit\junit\3.8.1\junit-3.8.1.jar;"/>
    <property name="java.vm.vendor" value="Oracle Corporation"/>
    <property name="sun.arch.data.model" value="64"/>
    <property name="user.variant" value=""/>
    <property name="java.vendor.url" value="https://java.oracle.com/"/>
    <property name="user.timezone" value="Asia/Calcutta"/>
    <property name="os.name" value="Windows 11"/>
    <property name="java.vm.specification.version" value="21"/>
    <property name="sun.java.launcher" value="SUN_STANDARD"/>
    <property name="user.country" value="IN"/>
    <property name="sun.boot.library.path" value="C:\jdk-21.0.6\bin"/>
    <property name="sun.java.command" value="C:\Users\varsh\AppData\Local\Temp\surefire7859673616181217815\surefirebooter-20250507003338573_3.jar C:\Users\varsh\AppData\Local\Temp\surefire7859673616181217815 2025-05-07T00-33-38_443-jvmRun1 surefire-20250507003338573_1tmp surefire_0-20250507003338573_2tmp"/>
    <property name="jdk.debug" value="release"/>
    <property name="surefire.test.class.path" value="C:\Users\varsh\eclipse-workspace\version\target\test-classes;C:\Users\varsh\eclipse-workspace\version\target\classes;C:\Users\varsh\.m2\repository\junit\junit\3.8.1\junit-3.8.1.jar;"/>
    <property name="sun.cpu.endian" value="little"/>
    <property name="user.home" value="C:\Users\varsh"/>
    <property name="user.language" value="en"/>
    <property name="java.specification.vendor" value="Oracle Corporation"/>
    <property name="java.version.date" value="2025-01-21"/>
    <property name="java.home" value="C:\jdk-21.0.6"/>
    <property name="file.separator" value="\"/>
    <property name="basedir" value="C:\Users\varsh\eclipse-workspace\version"/>
    <property name="style.color" value="always"/>
    <property name="java.vm.compressedOopsMode" value="32-bit"/>
    <property name="line.separator" value="&#10;"/>
    <property name="java.vm.specification.vendor" value="Oracle Corporation"/>
    <property name="java.specification.name" value="Java Platform API Specification"/>
    <property name="surefire.real.class.path" value="C:\Users\varsh\AppData\Local\Temp\surefire7859673616181217815\surefirebooter-20250507003338573_3.jar"/>
    <property name="user.script" value=""/>
    <property name="sun.management.compiler" value="HotSpot 64-Bit Tiered Compilers"/>
    <property name="java.runtime.version" value="21.0.6+8-LTS-188"/>
    <property name="user.name" value="varsh"/>
    <property name="stdout.encoding" value="Cp1252"/>
    <property name="path.separator" value=";"/>
    <property name="os.version" value="10.0"/>
    <property name="java.runtime.name" value="Java(TM) SE Runtime Environment"/>
    <property name="file.encoding" value="UTF-8"/>
    <property name="java.vm.name" value="Java HotSpot(TM) 64-Bit Server VM"/>
    <property name="localRepository" value="C:\Users\varsh\.m2\repository"/>
    <property name="java.vendor.url.bug" value="https://bugreport.java.com/bugreport/"/>
    <property name="java.io.tmpdir" value="C:\Users\varsh\AppData\Local\Temp\"/>
    <property name="java.version" value="21.0.6"/>
    <property name="user.dir" value="C:\Users\varsh\eclipse-workspace\version"/>
    <property name="os.arch" value="amd64"/>
    <property name="java.vm.specification.name" value="Java Virtual Machine Specification"/>
    <property name="sun.os.patch.level" value=""/>
    <property name="native.encoding" value="Cp1252"/>
    <property name="java.library.path" value="C:\jdk-21.0.6\bin;C:\windows\Sun\Java\bin;C:\windows\system32;C:\windows;C:/jdk-21.0.6/bin/server;C:/jdk-21.0.6/bin;C:\Program Files\Common Files\Oracle\Java\javapath;C:\Program Files\Python313\Scripts\;C:\Program Files\Python313\;C:\windows\system32;C:\windows;C:\windows\System32\Wbem;C:\windows\System32\WindowsPowerShell\v1.0\;C:\windows\System32\OpenSSH\;C:\Program Files\Git\cmd;C:\Users\varsh\AppData\Roaming\Microsoft\Windows\Start Menu\Programs\Python 3.12;C:\apache-maven-3.9.9\bin;C:\apache-tomcat-9.0.100\bin;C:\apache-tomcat-9.0.100-src\bin;C:\apache-tomcat-9.0.102\bin;C:\gradle-8.13\bin;C:\jdk-21.0.6\bin;C:\Users\varsh\anaconda3;C:\Users\varsh\anaconda3\Library\mingw-w64\bin;C:\Users\varsh\anaconda3\Library\usr\bin;C:\Users\varsh\anaconda3\Library\bin;C:\Users\varsh\anaconda3\Scripts;C:\Users\varsh\AppData\Local\Programs\Python\Launcher\;C:\Users\varsh\AppData\Local\Programs\Python\Python312\Scripts;C:\Users\varsh\AppData\Local\Programs\Python\Python312\Scripts;C:\Users\varsh\AppData\Roaming\Microsoft\Windows\Start Menu\Programs\Python 3.12;C:\Users\varsh\AppData\Local\Programs\Microsoft VS Code\bin;C:\apache-maven-3.9.9\bin;C:\apache-tomcat-9.0.100\bin;C:\apache-tomcat-9.0.100-src\bin;C:\apache-tomcat-9.0.102\bin;C:\gradle-8.13\bin;C:\jdk-21.0.6\bin;;C:\windows\System32;;."/>
    <property name="java.vm.info" value="mixed mode, sharing"/>
    <property name="stderr.encoding" value="Cp1252"/>
    <property name="java.vendor" value="Oracle Corporation"/>
    <property name="java.vm.version" value="21.0.6+8-LTS-188"/>
    <property name="sun.io.unicode.encoding" value="UnicodeLittle"/>
    <property name="java.class.version" value="65.0"/>
  </properties>
  <testcase name="testApp" classname="com.mycom.version.AppTest" time="0.003"/>
</testsuite>